<?xml version="1.0" encoding="UTF-8"?>
<testsuite xmlns:xsi="http://www.w3.org/2001/XMLSchema-instance" xsi:noNamespaceSchemaLocation="https://maven.apache.org/surefire/maven-surefire-plugin/xsd/surefire-test-report-3.0.xsd" version="3.0" name="com.example.trades.kafka.InstructionListenerTest" time="0.035" tests="1" errors="0" skipped="0" failures="0">
  <properties>
[...]
</properties>
  <testcase name="listen_transformsAndPublishesToKafka" classname="com.example.trades.kafka.InstructionListenerTest" time="0.033">
    <system-out><![CDATA[2025-11-19T15:40:13.985-05:00  INFO 46171 --- [trades-capture-service] [           main] c.e.trades.kafka.InstructionListener     : Sending message to topic='instructions.outbound', key='ID-1', attempt=1
2025-11-19T15:40:13.986-05:00  INFO 46171 --- [trades-capture-service] [           main] c.e.trades.kafka.InstructionListener     : Successfully sent message to topic='instructions.outbound', key='ID-1'
]]></system-out>
  </testcase>
</testsuite>